<?xml version="1.0" encoding="UTF-8"?>
<testng-results ignored="0" total="1" passed="1" failed="0" skipped="0">
  <reporter-output>
  </reporter-output>
  <suite started-at="2022-12-07T12:22:49 EST" name="Surefire suite" finished-at="2022-12-07T12:23:03 EST" duration-ms="14913">
    <groups>
    </groups>
    <test started-at="2022-12-07T12:22:49 EST" name="Surefire test" finished-at="2022-12-07T12:23:03 EST" duration-ms="14913">
      <class name="com.MyFirstMaven.Testcase2">
        <test-method is-config="true" signature="Openbrowser()[pri:0, instance:com.MyFirstMaven.Testcase2@3bd40a57]" started-at="2022-12-07T12:22:49 EST" name="Openbrowser" finished-at="2022-12-07T12:22:55 EST" duration-ms="6926" status="PASS">
          <reporter-output>
          </reporter-output>
        </test-method> <!-- Openbrowser -->
        <test-method signature="Test2()[pri:0, instance:com.MyFirstMaven.Testcase2@3bd40a57]" started-at="2022-12-07T12:22:56 EST" name="Test2" finished-at="2022-12-07T12:23:03 EST" duration-ms="7491" status="PASS">
          <reporter-output>
          </reporter-output>
        </test-method> <!-- Test2 -->
        <test-method is-config="true" signature="Closingbrowser()[pri:0, instance:com.MyFirstMaven.Testcase2@3bd40a57]" started-at="2022-12-07T12:23:03 EST" name="Closingbrowser" finished-at="2022-12-07T12:23:03 EST" duration-ms="377" status="PASS">
          <reporter-output>
          </reporter-output>
        </test-method> <!-- Closingbrowser -->
      </class> <!-- com.MyFirstMaven.Testcase2 -->
    </test> <!-- Surefire test -->
  </suite> <!-- Surefire suite -->
</testng-results>
